0:0:0:0:0:0:0:1 0:0:0:0:0:0:0:1 - [09/May/2023:15:52:57 +0900] "GET /api-docs HTTP/1.1" 302 - 91572
0:0:0:0:0:0:0:1 0:0:0:0:0:0:0:1 - [09/May/2023:15:52:57 +0900] "GET /swagger-ui/index.html HTTP/1.1" 200 734 6532
0:0:0:0:0:0:0:1 0:0:0:0:0:0:0:1 - [09/May/2023:15:52:57 +0900] "GET /swagger-ui/swagger-ui.css HTTP/1.1" 200 145206 5113
0:0:0:0:0:0:0:1 0:0:0:0:0:0:0:1 - [09/May/2023:15:52:57 +0900] "GET /swagger-ui/index.css HTTP/1.1" 200 202 5002
0:0:0:0:0:0:0:1 0:0:0:0:0:0:0:1 - [09/May/2023:15:52:57 +0900] "GET /swagger-ui/swagger-ui-standalone-preset.js HTTP/1.1" 200 322863 10922
0:0:0:0:0:0:0:1 0:0:0:0:0:0:0:1 - [09/May/2023:15:52:57 +0900] "GET /swagger-ui/swagger-ui-bundle.js HTTP/1.1" 200 1048207 18101
0:0:0:0:0:0:0:1 0:0:0:0:0:0:0:1 - [09/May/2023:15:52:57 +0900] "GET /swagger-ui/swagger-initializer.js HTTP/1.1" 200 677 25156
0:0:0:0:0:0:0:1 0:0:0:0:0:0:0:1 - [09/May/2023:15:52:57 +0900] "GET /api-docs/json/swagger-config HTTP/1.1" 200 221 8534
0:0:0:0:0:0:0:1 0:0:0:0:0:0:0:1 - [09/May/2023:15:52:57 +0900] "GET /swagger-ui/favicon-32x32.png HTTP/1.1" 200 628 3623
0:0:0:0:0:0:0:1 0:0:0:0:0:0:0:1 - [09/May/2023:15:52:57 +0900] "GET /api-docs/json HTTP/1.1" 200 226 274052
0:0:0:0:0:0:0:1 0:0:0:0:0:0:0:1 - [09/May/2023:18:16:20 +0900] "GET /api-docs HTTP/1.1" 302 - 65770
0:0:0:0:0:0:0:1 0:0:0:0:0:0:0:1 - [09/May/2023:18:16:20 +0900] "GET /swagger-ui/index.html HTTP/1.1" 200 734 7877
0:0:0:0:0:0:0:1 0:0:0:0:0:0:0:1 - [09/May/2023:18:16:20 +0900] "GET /swagger-ui/swagger-ui.css HTTP/1.1" 200 145206 4154
0:0:0:0:0:0:0:1 0:0:0:0:0:0:0:1 - [09/May/2023:18:16:20 +0900] "GET /swagger-ui/index.css HTTP/1.1" 200 202 4268
0:0:0:0:0:0:0:1 0:0:0:0:0:0:0:1 - [09/May/2023:18:16:20 +0900] "GET /swagger-ui/swagger-ui-standalone-preset.js HTTP/1.1" 200 322863 7789
0:0:0:0:0:0:0:1 0:0:0:0:0:0:0:1 - [09/May/2023:18:16:20 +0900] "GET /swagger-ui/swagger-ui-bundle.js HTTP/1.1" 200 1048207 12850
0:0:0:0:0:0:0:1 0:0:0:0:0:0:0:1 - [09/May/2023:18:16:20 +0900] "GET /swagger-ui/swagger-initializer.js HTTP/1.1" 200 677 22940
0:0:0:0:0:0:0:1 0:0:0:0:0:0:0:1 - [09/May/2023:18:16:21 +0900] "GET /swagger-ui/favicon-32x32.png HTTP/1.1" 200 628 2486
0:0:0:0:0:0:0:1 0:0:0:0:0:0:0:1 - [09/May/2023:18:16:21 +0900] "GET /api-docs/json/swagger-config HTTP/1.1" 200 221 8145
0:0:0:0:0:0:0:1 0:0:0:0:0:0:0:1 - [09/May/2023:18:16:21 +0900] "GET /api-docs/json HTTP/1.1" 200 226 183506
0:0:0:0:0:0:0:1 0:0:0:0:0:0:0:1 - [09/May/2023:18:17:08 +0900] "GET /swagger-ui/index.html HTTP/1.1" 304 - 51263
0:0:0:0:0:0:0:1 0:0:0:0:0:0:0:1 - [09/May/2023:18:17:08 +0900] "GET /swagger-ui/swagger-initializer.js HTTP/1.1" 200 677 49275
0:0:0:0:0:0:0:1 0:0:0:0:0:0:0:1 - [09/May/2023:18:17:08 +0900] "GET /api-docs/json/swagger-config HTTP/1.1" 200 221 16939
0:0:0:0:0:0:0:1 0:0:0:0:0:0:0:1 - [09/May/2023:18:17:08 +0900] "GET /api-docs/json HTTP/1.1" 200 1792 387236
0:0:0:0:0:0:0:1 0:0:0:0:0:0:0:1 - [09/May/2023:18:17:15 +0900] "GET /v1/splash/version?deviceType=A HTTP/1.1" 500 129 464281
0:0:0:0:0:0:0:1 0:0:0:0:0:0:0:1 - [09/May/2023:18:32:27 +0900] "GET /v1/splash/version?deviceType=A HTTP/1.1" 500 129 284616
0:0:0:0:0:0:0:1 0:0:0:0:0:0:0:1 - [09/May/2023:18:34:01 +0900] "GET /api-docs HTTP/1.1" 302 - 66465
0:0:0:0:0:0:0:1 0:0:0:0:0:0:0:1 - [09/May/2023:18:34:01 +0900] "GET /swagger-ui/index.html HTTP/1.1" 200 734 7443
0:0:0:0:0:0:0:1 0:0:0:0:0:0:0:1 - [09/May/2023:18:34:01 +0900] "GET /swagger-ui/swagger-ui.css HTTP/1.1" 200 145206 5351
0:0:0:0:0:0:0:1 0:0:0:0:0:0:0:1 - [09/May/2023:18:34:01 +0900] "GET /swagger-ui/index.css HTTP/1.1" 200 202 3323
0:0:0:0:0:0:0:1 0:0:0:0:0:0:0:1 - [09/May/2023:18:34:01 +0900] "GET /swagger-ui/swagger-ui-standalone-preset.js HTTP/1.1" 200 322863 7000
0:0:0:0:0:0:0:1 0:0:0:0:0:0:0:1 - [09/May/2023:18:34:01 +0900] "GET /swagger-ui/swagger-ui-bundle.js HTTP/1.1" 200 1048207 14579
0:0:0:0:0:0:0:1 0:0:0:0:0:0:0:1 - [09/May/2023:18:34:01 +0900] "GET /swagger-ui/swagger-initializer.js HTTP/1.1" 200 677 24238
0:0:0:0:0:0:0:1 0:0:0:0:0:0:0:1 - [09/May/2023:18:34:01 +0900] "GET /api-docs/json/swagger-config HTTP/1.1" 200 221 6769
0:0:0:0:0:0:0:1 0:0:0:0:0:0:0:1 - [09/May/2023:18:34:02 +0900] "GET /api-docs/json HTTP/1.1" 200 1792 379756
0:0:0:0:0:0:0:1 0:0:0:0:0:0:0:1 - [09/May/2023:18:34:06 +0900] "GET /v1/splash/version?deviceType=A HTTP/1.1" 500 129 429666
0:0:0:0:0:0:0:1 0:0:0:0:0:0:0:1 - [09/May/2023:18:34:50 +0900] "GET /v1/splash/version?deviceType=A HTTP/1.1" 500 129 503032
0:0:0:0:0:0:0:1 0:0:0:0:0:0:0:1 - [09/May/2023:18:37:20 +0900] "GET /swagger-ui/index.html HTTP/1.1" 304 - 61250
0:0:0:0:0:0:0:1 0:0:0:0:0:0:0:1 - [09/May/2023:18:37:20 +0900] "GET /swagger-ui/swagger-initializer.js HTTP/1.1" 200 677 37437
0:0:0:0:0:0:0:1 0:0:0:0:0:0:0:1 - [09/May/2023:18:37:21 +0900] "GET /api-docs/json/swagger-config HTTP/1.1" 200 221 18676
0:0:0:0:0:0:0:1 0:0:0:0:0:0:0:1 - [09/May/2023:18:37:21 +0900] "GET /api-docs/json HTTP/1.1" 200 1792 412872
0:0:0:0:0:0:0:1 0:0:0:0:0:0:0:1 - [09/May/2023:18:37:26 +0900] "GET /v1/splash/version?deviceType=A HTTP/1.1" 500 129 428980
0:0:0:0:0:0:0:1 0:0:0:0:0:0:0:1 - [09/May/2023:18:39:32 +0900] "GET /swagger-ui/index.html HTTP/1.1" 304 - 44710
0:0:0:0:0:0:0:1 0:0:0:0:0:0:0:1 - [09/May/2023:18:39:32 +0900] "GET /swagger-ui/swagger-initializer.js HTTP/1.1" 200 677 35852
0:0:0:0:0:0:0:1 0:0:0:0:0:0:0:1 - [09/May/2023:18:39:32 +0900] "GET /api-docs/json/swagger-config HTTP/1.1" 200 221 23670
0:0:0:0:0:0:0:1 0:0:0:0:0:0:0:1 - [09/May/2023:18:39:32 +0900] "GET /api-docs/json HTTP/1.1" 200 1792 390119
0:0:0:0:0:0:0:1 0:0:0:0:0:0:0:1 - [09/May/2023:18:39:41 +0900] "GET /v1/splash/version?deviceType=A HTTP/1.1" 500 129 436721
0:0:0:0:0:0:0:1 0:0:0:0:0:0:0:1 - [09/May/2023:19:01:53 +0900] "GET /swagger-ui/swagger-initializer.js HTTP/1.1" 200 677 5672
0:0:0:0:0:0:0:1 0:0:0:0:0:0:0:1 - [09/May/2023:19:01:53 +0900] "GET /api-docs/json/swagger-config HTTP/1.1" 200 221 2154
0:0:0:0:0:0:0:1 0:0:0:0:0:0:0:1 - [09/May/2023:19:01:54 +0900] "GET /api-docs/json HTTP/1.1" 200 1792 54534
0:0:0:0:0:0:0:1 0:0:0:0:0:0:0:1 - [09/May/2023:19:48:16 +0900] "GET /swagger-ui/index.html HTTP/1.1" 304 - 43054
0:0:0:0:0:0:0:1 0:0:0:0:0:0:0:1 - [09/May/2023:19:48:16 +0900] "GET /swagger-ui/swagger-initializer.js HTTP/1.1" 200 677 26919
0:0:0:0:0:0:0:1 0:0:0:0:0:0:0:1 - [09/May/2023:19:48:16 +0900] "GET /api-docs/json/swagger-config HTTP/1.1" 200 221 15050
0:0:0:0:0:0:0:1 0:0:0:0:0:0:0:1 - [09/May/2023:19:48:16 +0900] "GET /api-docs/json HTTP/1.1" 200 1792 403466
0:0:0:0:0:0:0:1 0:0:0:0:0:0:0:1 - [09/May/2023:19:48:20 +0900] "GET /v1/splash/version?deviceType=A HTTP/1.1" 500 129 417338
0:0:0:0:0:0:0:1 0:0:0:0:0:0:0:1 - [09/May/2023:19:50:19 +0900] "GET /swagger-ui/index.html HTTP/1.1" 304 - 43864
0:0:0:0:0:0:0:1 0:0:0:0:0:0:0:1 - [09/May/2023:19:50:19 +0900] "GET /swagger-ui/swagger-initializer.js HTTP/1.1" 200 677 28325
0:0:0:0:0:0:0:1 0:0:0:0:0:0:0:1 - [09/May/2023:19:50:19 +0900] "GET /api-docs/json/swagger-config HTTP/1.1" 200 221 17064
0:0:0:0:0:0:0:1 0:0:0:0:0:0:0:1 - [09/May/2023:19:50:20 +0900] "GET /api-docs/json HTTP/1.1" 200 1792 391532
0:0:0:0:0:0:0:1 0:0:0:0:0:0:0:1 - [09/May/2023:19:50:23 +0900] "GET /v1/splash/version?deviceType=A HTTP/1.1" 200 127 470226
